2025-10-09 20:05:34,745 INFO  com.example.Main - Starting Order Mangement System . . .
2025-10-26 11:40:22,078 INFO  com.example.Main - Starting Order Managment System. . .
2025-10-26 11:50:14,953 INFO  com.example.Main - Starting Order Managment System. . .
2025-10-26 11:57:56,636 INFO  com.example.Main - Starting Order Managment System. . .
2025-10-26 12:04:20,276 INFO  com.example.Main - Starting Order Management System...
2025-10-26 12:05:07,385 INFO  com.example.Main - Starting Order Management System...
2025-10-26 12:06:54,630 INFO  com.example.Main - Starting Order Management System...
2025-10-26 12:07:07,123 INFO  com.example.Main - Starting Order Management System...
2025-10-31 12:02:55,601 INFO  com.example.Main - Starting Order Management System...
2025-10-31 12:02:55,883 INFO  com.example.Main - Pedidos leÌdos: 5
2025-10-31 12:02:55,885 DEBUG com.example.Main - Loaded order: O001
2025-10-31 12:02:55,886 DEBUG com.example.Main - Loaded order: O002
2025-10-31 12:02:55,886 DEBUG com.example.Main - Loaded order: O003
2025-10-31 12:02:55,886 DEBUG com.example.Main - Loaded order: O004
2025-10-31 12:02:55,886 DEBUG com.example.Main - Loaded order: O005
2025-11-10 17:14:07,110 INFO  com.example.Main - Starting Order Management System...
2025-11-10 19:28:08,683 INFO  com.example.Main - Starting Order Management System...
2025-11-10 19:28:15,212 INFO  com.example.Main - Starting Order Management System...
2025-11-10 19:28:24,652 INFO  com.example.Main - Starting Order Management System...
2025-11-10 19:28:43,588 INFO  com.example.Main - Starting Order Management System...
2025-11-10 19:36:37,559 INFO  com.example.Main - Starting Order Management System...
2025-11-10 19:36:37,728 INFO  com.example.Main - Pedidos le√≠dos: 5
2025-11-10 19:36:37,730 DEBUG com.example.Main - Loaded order: O001
2025-11-10 19:36:37,730 DEBUG com.example.Main - Loaded order: O002
2025-11-10 19:36:37,730 DEBUG com.example.Main - Loaded order: O003
2025-11-10 19:36:37,730 DEBUG com.example.Main - Loaded order: O004
2025-11-10 19:36:37,730 DEBUG com.example.Main - Loaded order: O005
2025-11-10 19:43:37,474 INFO  com.example.Main - Pedidos le√≠dos: 5
